<?xml version="1.0" encoding="UTF-8"?>
<coverage generated="1663102473493" clover="3.2.0">
  <project timestamp="1663102473494" name="All files">
    <metrics statements="136" coveredstatements="135" conditionals="44" coveredconditionals="42" methods="34" coveredmethods="33" elements="214" coveredelements="210" complexity="0" loc="136" ncloc="136" packages="3" files="9" classes="9"/>
    <package name="src">
      <metrics statements="1" coveredstatements="1" conditionals="0" coveredconditionals="0" methods="1" coveredmethods="1"/>
      <file name="App.js" path="/Users/joaoguilherme/Documents/projetos/sd-023-b-project-trivia-react-redux/src/App.js">
        <metrics statements="1" coveredstatements="1" conditionals="0" coveredconditionals="0" methods="1" coveredmethods="1"/>
        <line num="11" count="9" type="stmt"/>
      </file>
    </package>
    <package name="src.components">
      <metrics statements="15" coveredstatements="15" conditionals="0" coveredconditionals="0" methods="6" coveredmethods="6"/>
      <file name="ButtonNewGame.jsx" path="/Users/joaoguilherme/Documents/projetos/sd-023-b-project-trivia-react-redux/src/components/ButtonNewGame.jsx">
        <metrics statements="7" coveredstatements="7" conditionals="0" coveredconditionals="0" methods="2" coveredmethods="2"/>
        <line num="7" count="16" type="stmt"/>
        <line num="8" count="2" type="stmt"/>
        <line num="9" count="2" type="stmt"/>
        <line num="10" count="2" type="stmt"/>
        <line num="14" count="16" type="stmt"/>
        <line num="15" count="16" type="stmt"/>
        <line num="28" count="4" type="stmt"/>
      </file>
      <file name="FeedbackHeader.jsx" path="/Users/joaoguilherme/Documents/projetos/sd-023-b-project-trivia-react-redux/src/components/FeedbackHeader.jsx">
        <metrics statements="4" coveredstatements="4" conditionals="0" coveredconditionals="0" methods="2" coveredmethods="2"/>
        <line num="7" count="8" type="stmt"/>
        <line num="8" count="8" type="stmt"/>
        <line num="26" count="9" type="stmt"/>
        <line num="32" count="4" type="stmt"/>
      </file>
      <file name="Header.jsx" path="/Users/joaoguilherme/Documents/projetos/sd-023-b-project-trivia-react-redux/src/components/Header.jsx">
        <metrics statements="4" coveredstatements="4" conditionals="0" coveredconditionals="0" methods="2" coveredmethods="2"/>
        <line num="7" count="9" type="stmt"/>
        <line num="8" count="9" type="stmt"/>
        <line num="25" count="15" type="stmt"/>
        <line num="31" count="4" type="stmt"/>
      </file>
    </package>
    <package name="src.pages">
      <metrics statements="120" coveredstatements="119" conditionals="44" coveredconditionals="42" methods="27" coveredmethods="26"/>
      <file name="Feedback.jsx" path="/Users/joaoguilherme/Documents/projetos/sd-023-b-project-trivia-react-redux/src/pages/Feedback.jsx">
        <metrics statements="8" coveredstatements="8" conditionals="4" coveredconditionals="4" methods="3" coveredmethods="3"/>
        <line num="8" count="8" type="stmt"/>
        <line num="9" count="1" type="stmt"/>
        <line num="10" count="1" type="stmt"/>
        <line num="14" count="8" type="stmt"/>
        <line num="15" count="8" type="stmt"/>
        <line num="17" count="8" type="stmt"/>
        <line num="44" count="4" type="stmt"/>
        <line num="49" count="9" type="stmt"/>
      </file>
      <file name="Game.jsx" path="/Users/joaoguilherme/Documents/projetos/sd-023-b-project-trivia-react-redux/src/pages/Game.jsx">
        <metrics statements="61" coveredstatements="61" conditionals="28" coveredconditionals="27" methods="9" coveredmethods="9"/>
        <line num="11" count="6" type="stmt"/>
        <line num="12" count="6" type="stmt"/>
        <line num="13" count="5" type="stmt"/>
        <line num="26" count="5" type="stmt"/>
        <line num="27" count="5" type="stmt"/>
        <line num="28" count="5" type="stmt"/>
        <line num="32" count="5" type="stmt"/>
        <line num="33" count="5" type="stmt"/>
        <line num="34" count="5" type="stmt"/>
        <line num="35" count="4" type="stmt"/>
        <line num="36" count="4" type="cond" truecount="2" falsecount="0"/>
        <line num="37" count="1" type="stmt"/>
        <line num="38" count="1" type="stmt"/>
        <line num="40" count="3" type="stmt"/>
        <line num="42" count="4" type="stmt"/>
        <line num="43" count="4" type="stmt"/>
        <line num="44" count="4" type="stmt"/>
        <line num="48" count="5" type="stmt"/>
        <line num="49" count="5" type="stmt"/>
        <line num="50" count="5" type="stmt"/>
        <line num="51" count="5" type="stmt"/>
        <line num="52" count="5" type="stmt"/>
        <line num="53" count="5" type="cond" truecount="1" falsecount="1"/>
        <line num="54" count="5" type="stmt"/>
        <line num="55" count="5" type="stmt"/>
        <line num="56" count="5" type="stmt"/>
        <line num="57" count="5" type="stmt"/>
        <line num="58" count="5" type="cond" truecount="4" falsecount="0"/>
        <line num="60" count="1" type="stmt"/>
        <line num="61" count="1" type="stmt"/>
        <line num="62" count="1" type="stmt"/>
        <line num="64" count="2" type="stmt"/>
        <line num="65" count="2" type="stmt"/>
        <line num="66" count="2" type="stmt"/>
        <line num="68" count="1" type="stmt"/>
        <line num="69" count="1" type="stmt"/>
        <line num="70" count="1" type="stmt"/>
        <line num="71" count="1" type="stmt"/>
        <line num="74" count="5" type="stmt"/>
        <line num="75" count="13" type="stmt"/>
        <line num="77" count="5" type="stmt"/>
        <line num="78" count="5" type="stmt"/>
        <line num="80" count="5" type="stmt"/>
        <line num="84" count="5" type="stmt"/>
        <line num="85" count="5" type="stmt"/>
        <line num="86" count="5" type="cond" truecount="2" falsecount="0"/>
        <line num="87" count="4" type="stmt"/>
        <line num="88" count="4" type="stmt"/>
        <line num="90" count="5" type="cond" truecount="2" falsecount="0"/>
        <line num="91" count="1" type="stmt"/>
        <line num="96" count="127" type="stmt"/>
        <line num="97" count="127" type="stmt"/>
        <line num="98" count="127" type="cond" truecount="2" falsecount="0"/>
        <line num="99" count="126" type="stmt"/>
        <line num="101" count="127" type="cond" truecount="2" falsecount="0"/>
        <line num="102" count="1" type="stmt"/>
        <line num="108" count="50" type="stmt"/>
        <line num="109" count="50" type="stmt"/>
        <line num="110" count="50" type="stmt"/>
        <line num="147" count="126" type="stmt"/>
        <line num="198" count="4" type="stmt"/>
      </file>
      <file name="Login.jsx" path="/Users/joaoguilherme/Documents/projetos/sd-023-b-project-trivia-react-redux/src/pages/Login.jsx">
        <metrics statements="23" coveredstatements="23" conditionals="4" coveredconditionals="4" methods="8" coveredmethods="8"/>
        <line num="12" count="9" type="stmt"/>
        <line num="13" count="8" type="stmt"/>
        <line num="21" count="8" type="stmt"/>
        <line num="22" count="30" type="stmt"/>
        <line num="23" count="30" type="stmt"/>
        <line num="24" count="30" type="stmt"/>
        <line num="26" count="30" type="cond" truecount="2" falsecount="0"/>
        <line num="27" count="30" type="stmt"/>
        <line num="30" count="8" type="stmt"/>
        <line num="31" count="30" type="stmt"/>
        <line num="34" count="8" type="stmt"/>
        <line num="35" count="30" type="stmt"/>
        <line num="38" count="8" type="stmt"/>
        <line num="39" count="1" type="stmt"/>
        <line num="40" count="1" type="stmt"/>
        <line num="41" count="1" type="stmt"/>
        <line num="42" count="1" type="stmt"/>
        <line num="43" count="1" type="stmt"/>
        <line num="44" count="1" type="stmt"/>
        <line num="47" count="1" type="stmt"/>
        <line num="52" count="70" type="stmt"/>
        <line num="53" count="70" type="stmt"/>
        <line num="102" count="4" type="stmt"/>
      </file>
      <file name="Ranking.jsx" path="/Users/joaoguilherme/Documents/projetos/sd-023-b-project-trivia-react-redux/src/pages/Ranking.jsx">
        <metrics statements="27" coveredstatements="27" conditionals="8" coveredconditionals="7" methods="6" coveredmethods="6"/>
        <line num="9" count="10" type="stmt"/>
        <line num="11" count="8" type="stmt"/>
        <line num="17" count="8" type="stmt"/>
        <line num="18" count="8" type="stmt"/>
        <line num="25" count="8" type="stmt"/>
        <line num="27" count="8" type="cond" truecount="2" falsecount="0"/>
        <line num="28" count="2" type="stmt"/>
        <line num="29" count="2" type="stmt"/>
        <line num="30" count="2" type="stmt"/>
        <line num="31" count="2" type="stmt"/>
        <line num="33" count="6" type="stmt"/>
        <line num="34" count="6" type="cond" truecount="1" falsecount="1"/>
        <line num="35" count="6" type="stmt"/>
        <line num="36" count="6" type="stmt"/>
        <line num="37" count="33" type="cond" truecount="2" falsecount="0"/>
        <line num="38" count="10" type="stmt"/>
        <line num="39" count="10" type="stmt"/>
        <line num="41" count="23" type="stmt"/>
        <line num="44" count="6" type="stmt"/>
        <line num="47" count="6" type="stmt"/>
        <line num="52" count="16" type="stmt"/>
        <line num="53" count="16" type="stmt"/>
        <line num="54" count="16" type="stmt"/>
        <line num="56" count="16" type="stmt"/>
        <line num="61" count="26" type="stmt"/>
        <line num="80" count="4" type="stmt"/>
        <line num="88" count="9" type="stmt"/>
      </file>
      <file name="Settings.jsx" path="/Users/joaoguilherme/Documents/projetos/sd-023-b-project-trivia-react-redux/src/pages/Settings.jsx">
        <metrics statements="1" coveredstatements="0" conditionals="0" coveredconditionals="0" methods="1" coveredmethods="0"/>
        <line num="5" count="0" type="stmt"/>
      </file>
    </package>
  </project>
</coverage>
