{"total": {"lines":{"total":136,"covered":135,"skipped":0,"pct":99.26},"statements":{"total":141,"covered":140,"skipped":0,"pct":99.29},"functions":{"total":34,"covered":33,"skipped":0,"pct":97.05},"branches":{"total":44,"covered":42,"skipped":0,"pct":95.45},"branchesTrue":{"total":0,"covered":0,"skipped":0,"pct":100}}
,"/Users/joaoguilherme/Documents/projetos/sd-023-b-project-trivia-react-redux/src/App.js": {"lines":{"total":1,"covered":1,"skipped":0,"pct":100},"functions":{"total":1,"covered":1,"skipped":0,"pct":100},"statements":{"total":1,"covered":1,"skipped":0,"pct":100},"branches":{"total":0,"covered":0,"skipped":0,"pct":100}}
,"/Users/joaoguilherme/Documents/projetos/sd-023-b-project-trivia-react-redux/src/components/ButtonNewGame.jsx": {"lines":{"total":7,"covered":7,"skipped":0,"pct":100},"functions":{"total":2,"covered":2,"skipped":0,"pct":100},"statements":{"total":7,"covered":7,"skipped":0,"pct":100},"branches":{"total":0,"covered":0,"skipped":0,"pct":100}}
,"/Users/joaoguilherme/Documents/projetos/sd-023-b-project-trivia-react-redux/src/components/FeedbackHeader.jsx": {"lines":{"total":4,"covered":4,"skipped":0,"pct":100},"functions":{"total":2,"covered":2,"skipped":0,"pct":100},"statements":{"total":5,"covered":5,"skipped":0,"pct":100},"branches":{"total":0,"covered":0,"skipped":0,"pct":100}}
,"/Users/joaoguilherme/Documents/projetos/sd-023-b-project-trivia-react-redux/src/components/Header.jsx": {"lines":{"total":4,"covered":4,"skipped":0,"pct":100},"functions":{"total":2,"covered":2,"skipped":0,"pct":100},"statements":{"total":5,"covered":5,"skipped":0,"pct":100},"branches":{"total":0,"covered":0,"skipped":0,"pct":100}}
,"/Users/joaoguilherme/Documents/projetos/sd-023-b-project-trivia-react-redux/src/pages/Feedback.jsx": {"lines":{"total":8,"covered":8,"skipped":0,"pct":100},"functions":{"total":3,"covered":3,"skipped":0,"pct":100},"statements":{"total":9,"covered":9,"skipped":0,"pct":100},"branches":{"total":4,"covered":4,"skipped":0,"pct":100}}
,"/Users/joaoguilherme/Documents/projetos/sd-023-b-project-trivia-react-redux/src/pages/Game.jsx": {"lines":{"total":61,"covered":61,"skipped":0,"pct":100},"functions":{"total":9,"covered":9,"skipped":0,"pct":100},"statements":{"total":61,"covered":61,"skipped":0,"pct":100},"branches":{"total":28,"covered":27,"skipped":0,"pct":96.42}}
,"/Users/joaoguilherme/Documents/projetos/sd-023-b-project-trivia-react-redux/src/pages/Login.jsx": {"lines":{"total":23,"covered":23,"skipped":0,"pct":100},"functions":{"total":8,"covered":8,"skipped":0,"pct":100},"statements":{"total":24,"covered":24,"skipped":0,"pct":100},"branches":{"total":4,"covered":4,"skipped":0,"pct":100}}
,"/Users/joaoguilherme/Documents/projetos/sd-023-b-project-trivia-react-redux/src/pages/Ranking.jsx": {"lines":{"total":27,"covered":27,"skipped":0,"pct":100},"functions":{"total":6,"covered":6,"skipped":0,"pct":100},"statements":{"total":28,"covered":28,"skipped":0,"pct":100},"branches":{"total":8,"covered":7,"skipped":0,"pct":87.5}}
,"/Users/joaoguilherme/Documents/projetos/sd-023-b-project-trivia-react-redux/src/pages/Settings.jsx": {"lines":{"total":1,"covered":0,"skipped":0,"pct":0},"functions":{"total":1,"covered":0,"skipped":0,"pct":0},"statements":{"total":1,"covered":0,"skipped":0,"pct":0},"branches":{"total":0,"covered":0,"skipped":0,"pct":100}}
}
