{"/Users/joaoguilherme/Documents/projetos/sd-023-b-project-trivia-react-redux/src/App.js": {"path":"/Users/joaoguilherme/Documents/projetos/sd-023-b-project-trivia-react-redux/src/App.js","statementMap":{"0":{"start":{"line":11,"column":2},"end":{"line":19,"column":4}}},"fnMap":{"0":{"name":"App","decl":{"start":{"line":10,"column":24},"end":{"line":10,"column":27}},"loc":{"start":{"line":10,"column":30},"end":{"line":20,"column":1}},"line":10}},"branchMap":{},"s":{"0":9},"f":{"0":9},"b":{},"_coverageSchema":"1a1c01bbd47fc00a2c39e90264f33305004495a9","hash":"c66fb9854fdcca87fc803a8bef7af0ae24c3ce94"}
,"/Users/joaoguilherme/Documents/projetos/sd-023-b-project-trivia-react-redux/src/components/ButtonNewGame.jsx": {"path":"/Users/joaoguilherme/Documents/projetos/sd-023-b-project-trivia-react-redux/src/components/ButtonNewGame.jsx","statementMap":{"0":{"start":{"line":7,"column":12},"end":{"line":11,"column":3}},"1":{"start":{"line":8,"column":34},"end":{"line":8,"column":44}},"2":{"start":{"line":9,"column":4},"end":{"line":9,"column":24}},"3":{"start":{"line":10,"column":4},"end":{"line":10,"column":22}},"4":{"start":{"line":14,"column":27},"end":{"line":14,"column":37}},"5":{"start":{"line":15,"column":4},"end":{"line":24,"column":6}},"6":{"start":{"line":28,"column":0},"end":{"line":32,"column":2}}},"fnMap":{"0":{"name":"(anonymous_0)","decl":{"start":{"line":7,"column":12},"end":{"line":7,"column":13}},"loc":{"start":{"line":7,"column":18},"end":{"line":11,"column":3}},"line":7},"1":{"name":"(anonymous_1)","decl":{"start":{"line":13,"column":2},"end":{"line":13,"column":3}},"loc":{"start":{"line":13,"column":11},"end":{"line":25,"column":3}},"line":13}},"branchMap":{},"s":{"0":16,"1":2,"2":2,"3":2,"4":16,"5":16,"6":4},"f":{"0":2,"1":16},"b":{},"_coverageSchema":"1a1c01bbd47fc00a2c39e90264f33305004495a9","hash":"d911fc8fd7c1c3d1ad144a5062d179de6b60fe77"}
,"/Users/joaoguilherme/Documents/projetos/sd-023-b-project-trivia-react-redux/src/components/FeedbackHeader.jsx": {"path":"/Users/joaoguilherme/Documents/projetos/sd-023-b-project-trivia-react-redux/src/components/FeedbackHeader.jsx","statementMap":{"0":{"start":{"line":7,"column":43},"end":{"line":7,"column":53}},"1":{"start":{"line":8,"column":4},"end":{"line":22,"column":6}},"2":{"start":{"line":26,"column":24},"end":{"line":30,"column":2}},"3":{"start":{"line":26,"column":36},"end":{"line":30,"column":1}},"4":{"start":{"line":32,"column":0},"end":{"line":36,"column":2}}},"fnMap":{"0":{"name":"(anonymous_0)","decl":{"start":{"line":6,"column":2},"end":{"line":6,"column":3}},"loc":{"start":{"line":6,"column":11},"end":{"line":23,"column":3}},"line":6},"1":{"name":"(anonymous_1)","decl":{"start":{"line":26,"column":24},"end":{"line":26,"column":25}},"loc":{"start":{"line":26,"column":36},"end":{"line":30,"column":1}},"line":26}},"branchMap":{},"s":{"0":8,"1":8,"2":4,"3":9,"4":4},"f":{"0":8,"1":9},"b":{},"_coverageSchema":"1a1c01bbd47fc00a2c39e90264f33305004495a9","hash":"b0f1e39cb9be10fdfa0770d9e51d2c18af5d40f5"}
,"/Users/joaoguilherme/Documents/projetos/sd-023-b-project-trivia-react-redux/src/components/Header.jsx": {"path":"/Users/joaoguilherme/Documents/projetos/sd-023-b-project-trivia-react-redux/src/components/Header.jsx","statementMap":{"0":{"start":{"line":7,"column":43},"end":{"line":7,"column":53}},"1":{"start":{"line":8,"column":4},"end":{"line":21,"column":6}},"2":{"start":{"line":25,"column":24},"end":{"line":29,"column":2}},"3":{"start":{"line":25,"column":36},"end":{"line":29,"column":1}},"4":{"start":{"line":31,"column":0},"end":{"line":35,"column":2}}},"fnMap":{"0":{"name":"(anonymous_0)","decl":{"start":{"line":6,"column":2},"end":{"line":6,"column":3}},"loc":{"start":{"line":6,"column":11},"end":{"line":22,"column":3}},"line":6},"1":{"name":"(anonymous_1)","decl":{"start":{"line":25,"column":24},"end":{"line":25,"column":25}},"loc":{"start":{"line":25,"column":36},"end":{"line":29,"column":1}},"line":25}},"branchMap":{},"s":{"0":9,"1":9,"2":4,"3":15,"4":4},"f":{"0":9,"1":15},"b":{},"_coverageSchema":"1a1c01bbd47fc00a2c39e90264f33305004495a9","hash":"21c3ee632343266d46a77c994ff1522863c5b09c"}
,"/Users/joaoguilherme/Documents/projetos/sd-023-b-project-trivia-react-redux/src/pages/Feedback.jsx": {"path":"/Users/joaoguilherme/Documents/projetos/sd-023-b-project-trivia-react-redux/src/pages/Feedback.jsx","statementMap":{"0":{"start":{"line":8,"column":12},"end":{"line":11,"column":3}},"1":{"start":{"line":9,"column":24},"end":{"line":9,"column":34}},"2":{"start":{"line":10,"column":4},"end":{"line":10,"column":29}},"3":{"start":{"line":14,"column":43},"end":{"line":14,"column":53}},"4":{"start":{"line":15,"column":17},"end":{"line":15,"column":18}},"5":{"start":{"line":17,"column":4},"end":{"line":41,"column":6}},"6":{"start":{"line":44,"column":0},"end":{"line":48,"column":2}},"7":{"start":{"line":49,"column":24},"end":{"line":52,"column":2}},"8":{"start":{"line":49,"column":36},"end":{"line":52,"column":1}}},"fnMap":{"0":{"name":"(anonymous_0)","decl":{"start":{"line":8,"column":12},"end":{"line":8,"column":13}},"loc":{"start":{"line":8,"column":18},"end":{"line":11,"column":3}},"line":8},"1":{"name":"(anonymous_1)","decl":{"start":{"line":13,"column":2},"end":{"line":13,"column":3}},"loc":{"start":{"line":13,"column":11},"end":{"line":42,"column":3}},"line":13},"2":{"name":"(anonymous_2)","decl":{"start":{"line":49,"column":24},"end":{"line":49,"column":25}},"loc":{"start":{"line":49,"column":36},"end":{"line":52,"column":1}},"line":49}},"branchMap":{"0":{"loc":{"start":{"line":29,"column":10},"end":{"line":29,"column":84}},"type":"binary-expr","locations":[{"start":{"line":29,"column":10},"end":{"line":29,"column":27}},{"start":{"line":29,"column":31},"end":{"line":29,"column":84}}],"line":29},"1":{"loc":{"start":{"line":30,"column":10},"end":{"line":30,"column":77}},"type":"binary-expr","locations":[{"start":{"line":30,"column":10},"end":{"line":30,"column":28}},{"start":{"line":30,"column":32},"end":{"line":30,"column":77}}],"line":30}},"s":{"0":8,"1":1,"2":1,"3":8,"4":8,"5":8,"6":4,"7":4,"8":9},"f":{"0":1,"1":8,"2":9},"b":{"0":[8,6],"1":[8,2]},"_coverageSchema":"1a1c01bbd47fc00a2c39e90264f33305004495a9","hash":"8b326f15075f1aea703bcef2a6f41ad859337d8c"}
,"/Users/joaoguilherme/Documents/projetos/sd-023-b-project-trivia-react-redux/src/pages/Game.jsx": {"path":"/Users/joaoguilherme/Documents/projetos/sd-023-b-project-trivia-react-redux/src/pages/Game.jsx","statementMap":{"0":{"start":{"line":11,"column":22},"end":{"line":11,"column":24}},"1":{"start":{"line":12,"column":4},"end":{"line":12,"column":12}},"2":{"start":{"line":13,"column":4},"end":{"line":25,"column":6}},"3":{"start":{"line":26,"column":4},"end":{"line":26,"column":63}},"4":{"start":{"line":27,"column":4},"end":{"line":27,"column":51}},"5":{"start":{"line":28,"column":4},"end":{"line":28,"column":71}},"6":{"start":{"line":32,"column":18},"end":{"line":32,"column":47}},"7":{"start":{"line":33,"column":20},"end":{"line":33,"column":73}},"8":{"start":{"line":34,"column":17},"end":{"line":34,"column":44}},"9":{"start":{"line":35,"column":21},"end":{"line":35,"column":22}},"10":{"start":{"line":36,"column":4},"end":{"line":41,"column":5}},"11":{"start":{"line":37,"column":6},"end":{"line":37,"column":39}},"12":{"start":{"line":38,"column":6},"end":{"line":38,"column":40}},"13":{"start":{"line":40,"column":6},"end":{"line":40,"column":46}},"14":{"start":{"line":42,"column":4},"end":{"line":42,"column":22}},"15":{"start":{"line":43,"column":21},"end":{"line":43,"column":25}},"16":{"start":{"line":44,"column":4},"end":{"line":44,"column":44}},"17":{"start":{"line":48,"column":25},"end":{"line":48,"column":35}},"18":{"start":{"line":49,"column":64},"end":{"line":49,"column":74}},"19":{"start":{"line":50,"column":23},"end":{"line":50,"column":25}},"20":{"start":{"line":51,"column":17},"end":{"line":51,"column":18}},"21":{"start":{"line":52,"column":4},"end":{"line":52,"column":22}},"22":{"start":{"line":53,"column":4},"end":{"line":73,"column":5}},"23":{"start":{"line":54,"column":6},"end":{"line":54,"column":38}},"24":{"start":{"line":55,"column":28},"end":{"line":55,"column":42}},"25":{"start":{"line":56,"column":6},"end":{"line":56,"column":45}},"26":{"start":{"line":57,"column":6},"end":{"line":57,"column":51}},"27":{"start":{"line":58,"column":6},"end":{"line":72,"column":7}},"28":{"start":{"line":60,"column":8},"end":{"line":60,"column":67}},"29":{"start":{"line":61,"column":8},"end":{"line":61,"column":61}},"30":{"start":{"line":62,"column":8},"end":{"line":62,"column":14}},"31":{"start":{"line":64,"column":8},"end":{"line":64,"column":67}},"32":{"start":{"line":65,"column":8},"end":{"line":65,"column":61}},"33":{"start":{"line":66,"column":8},"end":{"line":66,"column":14}},"34":{"start":{"line":68,"column":8},"end":{"line":68,"column":70}},"35":{"start":{"line":69,"column":8},"end":{"line":69,"column":64}},"36":{"start":{"line":70,"column":8},"end":{"line":70,"column":14}},"37":{"start":{"line":71,"column":15},"end":{"line":71,"column":64}},"38":{"start":{"line":74,"column":4},"end":{"line":76,"column":7}},"39":{"start":{"line":75,"column":6},"end":{"line":75,"column":41}},"40":{"start":{"line":77,"column":4},"end":{"line":79,"column":7}},"41":{"start":{"line":78,"column":6},"end":{"line":78,"column":41}},"42":{"start":{"line":80,"column":4},"end":{"line":80,"column":47}},"43":{"start":{"line":84,"column":32},"end":{"line":84,"column":42}},"44":{"start":{"line":85,"column":25},"end":{"line":85,"column":26}},"45":{"start":{"line":86,"column":4},"end":{"line":89,"column":5}},"46":{"start":{"line":87,"column":27},"end":{"line":87,"column":46}},"47":{"start":{"line":88,"column":6},"end":{"line":88,"column":55}},"48":{"start":{"line":90,"column":4},"end":{"line":92,"column":5}},"49":{"start":{"line":91,"column":6},"end":{"line":91,"column":50}},"50":{"start":{"line":96,"column":20},"end":{"line":96,"column":30}},"51":{"start":{"line":97,"column":4},"end":{"line":97,"column":15}},"52":{"start":{"line":98,"column":4},"end":{"line":100,"column":5}},"53":{"start":{"line":99,"column":6},"end":{"line":99,"column":31}},"54":{"start":{"line":101,"column":4},"end":{"line":103,"column":5}},"55":{"start":{"line":102,"column":6},"end":{"line":102,"column":39}},"56":{"start":{"line":108,"column":57},"end":{"line":108,"column":67}},"57":{"start":{"line":109,"column":27},"end":{"line":109,"column":28}},"58":{"start":{"line":110,"column":4},"end":{"line":194,"column":6}},"59":{"start":{"line":147,"column":20},"end":{"line":157,"column":29}},"60":{"start":{"line":198,"column":0},"end":{"line":200,"column":2}}},"fnMap":{"0":{"name":"(anonymous_0)","decl":{"start":{"line":10,"column":2},"end":{"line":10,"column":3}},"loc":{"start":{"line":10,"column":16},"end":{"line":29,"column":3}},"line":10},"1":{"name":"(anonymous_1)","decl":{"start":{"line":31,"column":2},"end":{"line":31,"column":3}},"loc":{"start":{"line":31,"column":28},"end":{"line":45,"column":3}},"line":31},"2":{"name":"(anonymous_2)","decl":{"start":{"line":47,"column":2},"end":{"line":47,"column":3}},"loc":{"start":{"line":47,"column":27},"end":{"line":81,"column":3}},"line":47},"3":{"name":"(anonymous_3)","decl":{"start":{"line":74,"column":55},"end":{"line":74,"column":56}},"loc":{"start":{"line":74,"column":65},"end":{"line":76,"column":5}},"line":74},"4":{"name":"(anonymous_4)","decl":{"start":{"line":77,"column":55},"end":{"line":77,"column":56}},"loc":{"start":{"line":77,"column":65},"end":{"line":79,"column":5}},"line":77},"5":{"name":"(anonymous_5)","decl":{"start":{"line":83,"column":2},"end":{"line":83,"column":3}},"loc":{"start":{"line":83,"column":26},"end":{"line":93,"column":3}},"line":83},"6":{"name":"(anonymous_6)","decl":{"start":{"line":95,"column":2},"end":{"line":95,"column":3}},"loc":{"start":{"line":95,"column":16},"end":{"line":104,"column":3}},"line":95},"7":{"name":"(anonymous_7)","decl":{"start":{"line":106,"column":2},"end":{"line":106,"column":3}},"loc":{"start":{"line":106,"column":11},"end":{"line":195,"column":3}},"line":106},"8":{"name":"(anonymous_8)","decl":{"start":{"line":146,"column":71},"end":{"line":146,"column":72}},"loc":{"start":{"line":147,"column":20},"end":{"line":157,"column":29}},"line":147}},"branchMap":{"0":{"loc":{"start":{"line":36,"column":4},"end":{"line":41,"column":5}},"type":"if","locations":[{"start":{"line":36,"column":4},"end":{"line":41,"column":5}},{"start":{"line":39,"column":11},"end":{"line":41,"column":5}}],"line":36},"1":{"loc":{"start":{"line":53,"column":4},"end":{"line":73,"column":5}},"type":"if","locations":[{"start":{"line":53,"column":4},"end":{"line":73,"column":5}},{"start":{},"end":{}}],"line":53},"2":{"loc":{"start":{"line":58,"column":6},"end":{"line":72,"column":7}},"type":"switch","locations":[{"start":{"line":59,"column":6},"end":{"line":62,"column":14}},{"start":{"line":63,"column":6},"end":{"line":66,"column":14}},{"start":{"line":67,"column":6},"end":{"line":70,"column":14}},{"start":{"line":71,"column":6},"end":{"line":71,"column":64}}],"line":58},"3":{"loc":{"start":{"line":86,"column":4},"end":{"line":89,"column":5}},"type":"if","locations":[{"start":{"line":86,"column":4},"end":{"line":89,"column":5}},{"start":{},"end":{}}],"line":86},"4":{"loc":{"start":{"line":90,"column":4},"end":{"line":92,"column":5}},"type":"if","locations":[{"start":{"line":90,"column":4},"end":{"line":92,"column":5}},{"start":{},"end":{}}],"line":90},"5":{"loc":{"start":{"line":98,"column":4},"end":{"line":100,"column":5}},"type":"if","locations":[{"start":{"line":98,"column":4},"end":{"line":100,"column":5}},{"start":{},"end":{}}],"line":98},"6":{"loc":{"start":{"line":101,"column":4},"end":{"line":103,"column":5}},"type":"if","locations":[{"start":{"line":101,"column":4},"end":{"line":103,"column":5}},{"start":{},"end":{}}],"line":101},"7":{"loc":{"start":{"line":113,"column":9},"end":{"line":113,"column":41}},"type":"binary-expr","locations":[{"start":{"line":113,"column":9},"end":{"line":113,"column":17}},{"start":{"line":113,"column":21},"end":{"line":113,"column":41}}],"line":113},"8":{"loc":{"start":{"line":115,"column":10},"end":{"line":177,"column":13}},"type":"cond-expr","locations":[{"start":{"line":116,"column":15},"end":{"line":116,"column":36}},{"start":{"line":118,"column":14},"end":{"line":176,"column":20}}],"line":115},"9":{"loc":{"start":{"line":132,"column":20},"end":{"line":144,"column":33}},"type":"cond-expr","locations":[{"start":{"line":134,"column":24},"end":{"line":142,"column":33}},{"start":{"line":144,"column":25},"end":{"line":144,"column":32}}],"line":132},"10":{"loc":{"start":{"line":160,"column":20},"end":{"line":172,"column":33}},"type":"cond-expr","locations":[{"start":{"line":162,"column":24},"end":{"line":170,"column":33}},{"start":{"line":172,"column":25},"end":{"line":172,"column":32}}],"line":160},"11":{"loc":{"start":{"line":180,"column":10},"end":{"line":190,"column":23}},"type":"cond-expr","locations":[{"start":{"line":182,"column":14},"end":{"line":188,"column":23}},{"start":{"line":190,"column":15},"end":{"line":190,"column":22}}],"line":180},"12":{"loc":{"start":{"line":192,"column":9},"end":{"line":192,"column":59}},"type":"binary-expr","locations":[{"start":{"line":192,"column":9},"end":{"line":192,"column":27}},{"start":{"line":192,"column":31},"end":{"line":192,"column":59}}],"line":192}},"s":{"0":6,"1":6,"2":5,"3":5,"4":5,"5":5,"6":5,"7":5,"8":5,"9":4,"10":4,"11":1,"12":1,"13":3,"14":4,"15":4,"16":4,"17":5,"18":5,"19":5,"20":5,"21":5,"22":5,"23":5,"24":5,"25":5,"26":5,"27":5,"28":1,"29":1,"30":1,"31":2,"32":2,"33":2,"34":1,"35":1,"36":1,"37":1,"38":5,"39":13,"40":5,"41":5,"42":5,"43":5,"44":5,"45":5,"46":4,"47":4,"48":5,"49":1,"50":127,"51":127,"52":127,"53":126,"54":127,"55":1,"56":50,"57":50,"58":50,"59":126,"60":4},"f":{"0":6,"1":5,"2":5,"3":13,"4":5,"5":5,"6":127,"7":50,"8":126},"b":{"0":[1,3],"1":[5,0],"2":[1,2,1,1],"3":[4,1],"4":[1,4],"5":[126,1],"6":[1,126],"7":[50,1],"8":[6,44],"9":[12,32],"10":[32,12],"11":[10,40],"12":[50,1]},"_coverageSchema":"1a1c01bbd47fc00a2c39e90264f33305004495a9","hash":"1c1cdc3396e77254af88f01dc44caa61c172a505"}
,"/Users/joaoguilherme/Documents/projetos/sd-023-b-project-trivia-react-redux/src/pages/Login.jsx": {"path":"/Users/joaoguilherme/Documents/projetos/sd-023-b-project-trivia-react-redux/src/pages/Login.jsx","statementMap":{"0":{"start":{"line":12,"column":4},"end":{"line":12,"column":12}},"1":{"start":{"line":13,"column":4},"end":{"line":18,"column":6}},"2":{"start":{"line":21,"column":18},"end":{"line":28,"column":3}},"3":{"start":{"line":22,"column":28},"end":{"line":22,"column":38}},"4":{"start":{"line":23,"column":26},"end":{"line":23,"column":27}},"5":{"start":{"line":24,"column":23},"end":{"line":24,"column":172}},"6":{"start":{"line":26,"column":24},"end":{"line":26,"column":66}},"7":{"start":{"line":27,"column":4},"end":{"line":27,"column":24}},"8":{"start":{"line":30,"column":16},"end":{"line":32,"column":3}},"9":{"start":{"line":31,"column":4},"end":{"line":31,"column":56}},"10":{"start":{"line":34,"column":17},"end":{"line":36,"column":3}},"11":{"start":{"line":35,"column":4},"end":{"line":35,"column":63}},"12":{"start":{"line":35,"column":43},"end":{"line":35,"column":61}},"13":{"start":{"line":38,"column":15},"end":{"line":49,"column":3}},"14":{"start":{"line":39,"column":25},"end":{"line":39,"column":35}},"15":{"start":{"line":40,"column":28},"end":{"line":40,"column":38}},"16":{"start":{"line":41,"column":26},"end":{"line":41,"column":47}},"17":{"start":{"line":42,"column":4},"end":{"line":45,"column":7}},"18":{"start":{"line":43,"column":6},"end":{"line":43,"column":23}},"19":{"start":{"line":44,"column":6},"end":{"line":44,"column":40}},"20":{"start":{"line":47,"column":4},"end":{"line":47,"column":47}},"21":{"start":{"line":52,"column":37},"end":{"line":52,"column":47}},"22":{"start":{"line":53,"column":4},"end":{"line":98,"column":6}},"23":{"start":{"line":102,"column":0},"end":{"line":105,"column":2}}},"fnMap":{"0":{"name":"(anonymous_0)","decl":{"start":{"line":11,"column":2},"end":{"line":11,"column":3}},"loc":{"start":{"line":11,"column":16},"end":{"line":19,"column":3}},"line":11},"1":{"name":"(anonymous_1)","decl":{"start":{"line":21,"column":18},"end":{"line":21,"column":19}},"loc":{"start":{"line":21,"column":24},"end":{"line":28,"column":3}},"line":21},"2":{"name":"(anonymous_2)","decl":{"start":{"line":30,"column":16},"end":{"line":30,"column":17}},"loc":{"start":{"line":31,"column":4},"end":{"line":31,"column":56}},"line":31},"3":{"name":"(anonymous_3)","decl":{"start":{"line":34,"column":17},"end":{"line":34,"column":18}},"loc":{"start":{"line":34,"column":50},"end":{"line":36,"column":3}},"line":34},"4":{"name":"(anonymous_4)","decl":{"start":{"line":35,"column":37},"end":{"line":35,"column":38}},"loc":{"start":{"line":35,"column":43},"end":{"line":35,"column":61}},"line":35},"5":{"name":"(anonymous_5)","decl":{"start":{"line":38,"column":15},"end":{"line":38,"column":16}},"loc":{"start":{"line":38,"column":27},"end":{"line":49,"column":3}},"line":38},"6":{"name":"(anonymous_6)","decl":{"start":{"line":42,"column":37},"end":{"line":42,"column":38}},"loc":{"start":{"line":42,"column":49},"end":{"line":45,"column":5}},"line":42},"7":{"name":"(anonymous_7)","decl":{"start":{"line":51,"column":2},"end":{"line":51,"column":3}},"loc":{"start":{"line":51,"column":11},"end":{"line":99,"column":3}},"line":51}},"branchMap":{"0":{"loc":{"start":{"line":26,"column":24},"end":{"line":26,"column":66}},"type":"binary-expr","locations":[{"start":{"line":26,"column":24},"end":{"line":26,"column":34}},{"start":{"line":26,"column":38},"end":{"line":26,"column":66}}],"line":26},"1":{"loc":{"start":{"line":96,"column":9},"end":{"line":96,"column":44}},"type":"binary-expr","locations":[{"start":{"line":96,"column":9},"end":{"line":96,"column":17}},{"start":{"line":96,"column":21},"end":{"line":96,"column":44}}],"line":96}},"s":{"0":9,"1":8,"2":8,"3":30,"4":30,"5":30,"6":30,"7":30,"8":8,"9":30,"10":8,"11":30,"12":30,"13":8,"14":1,"15":1,"16":1,"17":1,"18":1,"19":1,"20":1,"21":70,"22":70,"23":4},"f":{"0":9,"1":30,"2":30,"3":30,"4":30,"5":1,"6":1,"7":70},"b":{"0":[30,3],"1":[70,1]},"_coverageSchema":"1a1c01bbd47fc00a2c39e90264f33305004495a9","hash":"1454e881e5bfe36e82e7a2b5c9c105137f3583ac"}
,"/Users/joaoguilherme/Documents/projetos/sd-023-b-project-trivia-react-redux/src/pages/Ranking.jsx": {"path":"/Users/joaoguilherme/Documents/projetos/sd-023-b-project-trivia-react-redux/src/pages/Ranking.jsx","statementMap":{"0":{"start":{"line":9,"column":4},"end":{"line":9,"column":12}},"1":{"start":{"line":11,"column":4},"end":{"line":13,"column":6}},"2":{"start":{"line":17,"column":55},"end":{"line":17,"column":65}},"3":{"start":{"line":18,"column":23},"end":{"line":23,"column":5}},"4":{"start":{"line":25,"column":23},"end":{"line":25,"column":54}},"5":{"start":{"line":27,"column":4},"end":{"line":48,"column":5}},"6":{"start":{"line":28,"column":26},"end":{"line":28,"column":28}},"7":{"start":{"line":29,"column":6},"end":{"line":29,"column":35}},"8":{"start":{"line":30,"column":6},"end":{"line":30,"column":67}},"9":{"start":{"line":31,"column":6},"end":{"line":31,"column":41}},"10":{"start":{"line":33,"column":29},"end":{"line":33,"column":51}},"11":{"start":{"line":34,"column":6},"end":{"line":45,"column":7}},"12":{"start":{"line":35,"column":28},"end":{"line":35,"column":59}},"13":{"start":{"line":36,"column":29},"end":{"line":42,"column":10}},"14":{"start":{"line":37,"column":10},"end":{"line":40,"column":11}},"15":{"start":{"line":38,"column":24},"end":{"line":38,"column":26}},"16":{"start":{"line":39,"column":12},"end":{"line":39,"column":23}},"17":{"start":{"line":41,"column":10},"end":{"line":41,"column":19}},"18":{"start":{"line":44,"column":8},"end":{"line":44,"column":70}},"19":{"start":{"line":47,"column":6},"end":{"line":47,"column":41}},"20":{"start":{"line":52,"column":26},"end":{"line":52,"column":36}},"21":{"start":{"line":53,"column":24},"end":{"line":53,"column":34}},"22":{"start":{"line":54,"column":20},"end":{"line":54,"column":63}},"23":{"start":{"line":56,"column":4},"end":{"line":76,"column":6}},"24":{"start":{"line":61,"column":10},"end":{"line":72,"column":16}},"25":{"start":{"line":80,"column":0},"end":{"line":86,"column":2}},"26":{"start":{"line":88,"column":24},"end":{"line":93,"column":2}},"27":{"start":{"line":88,"column":36},"end":{"line":93,"column":1}}},"fnMap":{"0":{"name":"(anonymous_0)","decl":{"start":{"line":8,"column":2},"end":{"line":8,"column":3}},"loc":{"start":{"line":8,"column":16},"end":{"line":14,"column":3}},"line":8},"1":{"name":"(anonymous_1)","decl":{"start":{"line":16,"column":2},"end":{"line":16,"column":3}},"loc":{"start":{"line":16,"column":22},"end":{"line":49,"column":3}},"line":16},"2":{"name":"(anonymous_2)","decl":{"start":{"line":36,"column":46},"end":{"line":36,"column":47}},"loc":{"start":{"line":36,"column":56},"end":{"line":42,"column":9}},"line":36},"3":{"name":"(anonymous_3)","decl":{"start":{"line":51,"column":2},"end":{"line":51,"column":3}},"loc":{"start":{"line":51,"column":11},"end":{"line":77,"column":3}},"line":51},"4":{"name":"(anonymous_4)","decl":{"start":{"line":60,"column":33},"end":{"line":60,"column":34}},"loc":{"start":{"line":61,"column":10},"end":{"line":72,"column":16}},"line":61},"5":{"name":"(anonymous_5)","decl":{"start":{"line":88,"column":24},"end":{"line":88,"column":25}},"loc":{"start":{"line":88,"column":36},"end":{"line":93,"column":1}},"line":88}},"branchMap":{"0":{"loc":{"start":{"line":27,"column":4},"end":{"line":48,"column":5}},"type":"if","locations":[{"start":{"line":27,"column":4},"end":{"line":48,"column":5}},{"start":{"line":32,"column":11},"end":{"line":48,"column":5}}],"line":27},"1":{"loc":{"start":{"line":34,"column":6},"end":{"line":45,"column":7}},"type":"if","locations":[{"start":{"line":34,"column":6},"end":{"line":45,"column":7}},{"start":{},"end":{}}],"line":34},"2":{"loc":{"start":{"line":37,"column":10},"end":{"line":40,"column":11}},"type":"if","locations":[{"start":{"line":37,"column":10},"end":{"line":40,"column":11}},{"start":{},"end":{}}],"line":37},"3":{"loc":{"start":{"line":60,"column":9},"end":{"line":73,"column":33}},"type":"cond-expr","locations":[{"start":{"line":60,"column":21},"end":{"line":73,"column":10}},{"start":{"line":73,"column":13},"end":{"line":73,"column":33}}],"line":60}},"s":{"0":10,"1":8,"2":8,"3":8,"4":8,"5":8,"6":2,"7":2,"8":2,"9":2,"10":6,"11":6,"12":6,"13":6,"14":33,"15":10,"16":10,"17":23,"18":6,"19":6,"20":16,"21":16,"22":16,"23":16,"24":26,"25":4,"26":4,"27":9},"f":{"0":10,"1":8,"2":33,"3":16,"4":26,"5":9},"b":{"0":[2,6],"1":[6,0],"2":[10,23],"3":[8,8]},"_coverageSchema":"1a1c01bbd47fc00a2c39e90264f33305004495a9","hash":"552da0af0d99ef8344d01360a0e6e525413c01d3"}
,"/Users/joaoguilherme/Documents/projetos/sd-023-b-project-trivia-react-redux/src/pages/Settings.jsx": {"path":"/Users/joaoguilherme/Documents/projetos/sd-023-b-project-trivia-react-redux/src/pages/Settings.jsx","statementMap":{"0":{"start":{"line":5,"column":4},"end":{"line":9,"column":6}}},"fnMap":{"0":{"name":"(anonymous_0)","decl":{"start":{"line":4,"column":2},"end":{"line":4,"column":3}},"loc":{"start":{"line":4,"column":11},"end":{"line":10,"column":3}},"line":4}},"branchMap":{},"s":{"0":0},"f":{"0":0},"b":{},"_coverageSchema":"1a1c01bbd47fc00a2c39e90264f33305004495a9","hash":"a2ac825a49449421c8e83a6384c2158f6a15196f"}
}
