TN:
SF:src/App.js
FN:10,App
FNF:1
FNH:1
FNDA:9,App
DA:11,9
LF:1
LH:1
BRF:0
BRH:0
end_of_record
TN:
SF:src/components/ButtonNewGame.jsx
FN:7,(anonymous_0)
FN:13,(anonymous_1)
FNF:2
FNH:2
FNDA:2,(anonymous_0)
FNDA:16,(anonymous_1)
DA:7,16
DA:8,2
DA:9,2
DA:10,2
DA:14,16
DA:15,16
DA:28,4
LF:7
LH:7
BRF:0
BRH:0
end_of_record
TN:
SF:src/components/FeedbackHeader.jsx
FN:6,(anonymous_0)
FN:26,(anonymous_1)
FNF:2
FNH:2
FNDA:8,(anonymous_0)
FNDA:9,(anonymous_1)
DA:7,8
DA:8,8
DA:26,9
DA:32,4
LF:4
LH:4
BRF:0
BRH:0
end_of_record
TN:
SF:src/components/Header.jsx
FN:6,(anonymous_0)
FN:25,(anonymous_1)
FNF:2
FNH:2
FNDA:9,(anonymous_0)
FNDA:15,(anonymous_1)
DA:7,9
DA:8,9
DA:25,15
DA:31,4
LF:4
LH:4
BRF:0
BRH:0
end_of_record
TN:
SF:src/pages/Feedback.jsx
FN:8,(anonymous_0)
FN:13,(anonymous_1)
FN:49,(anonymous_2)
FNF:3
FNH:3
FNDA:1,(anonymous_0)
FNDA:8,(anonymous_1)
FNDA:9,(anonymous_2)
DA:8,8
DA:9,1
DA:10,1
DA:14,8
DA:15,8
DA:17,8
DA:44,4
DA:49,9
LF:8
LH:8
BRDA:29,0,0,8
BRDA:29,0,1,6
BRDA:30,1,0,8
BRDA:30,1,1,2
BRF:4
BRH:4
end_of_record
TN:
SF:src/pages/Game.jsx
FN:10,(anonymous_0)
FN:31,(anonymous_1)
FN:47,(anonymous_2)
FN:74,(anonymous_3)
FN:77,(anonymous_4)
FN:83,(anonymous_5)
FN:95,(anonymous_6)
FN:106,(anonymous_7)
FN:146,(anonymous_8)
FNF:9
FNH:9
FNDA:6,(anonymous_0)
FNDA:5,(anonymous_1)
FNDA:5,(anonymous_2)
FNDA:13,(anonymous_3)
FNDA:5,(anonymous_4)
FNDA:5,(anonymous_5)
FNDA:127,(anonymous_6)
FNDA:50,(anonymous_7)
FNDA:126,(anonymous_8)
DA:11,6
DA:12,6
DA:13,5
DA:26,5
DA:27,5
DA:28,5
DA:32,5
DA:33,5
DA:34,5
DA:35,4
DA:36,4
DA:37,1
DA:38,1
DA:40,3
DA:42,4
DA:43,4
DA:44,4
DA:48,5
DA:49,5
DA:50,5
DA:51,5
DA:52,5
DA:53,5
DA:54,5
DA:55,5
DA:56,5
DA:57,5
DA:58,5
DA:60,1
DA:61,1
DA:62,1
DA:64,2
DA:65,2
DA:66,2
DA:68,1
DA:69,1
DA:70,1
DA:71,1
DA:74,5
DA:75,13
DA:77,5
DA:78,5
DA:80,5
DA:84,5
DA:85,5
DA:86,5
DA:87,4
DA:88,4
DA:90,5
DA:91,1
DA:96,127
DA:97,127
DA:98,127
DA:99,126
DA:101,127
DA:102,1
DA:108,50
DA:109,50
DA:110,50
DA:147,126
DA:198,4
LF:61
LH:61
BRDA:36,0,0,1
BRDA:36,0,1,3
BRDA:53,1,0,5
BRDA:53,1,1,0
BRDA:58,2,0,1
BRDA:58,2,1,2
BRDA:58,2,2,1
BRDA:58,2,3,1
BRDA:86,3,0,4
BRDA:86,3,1,1
BRDA:90,4,0,1
BRDA:90,4,1,4
BRDA:98,5,0,126
BRDA:98,5,1,1
BRDA:101,6,0,1
BRDA:101,6,1,126
BRDA:113,7,0,50
BRDA:113,7,1,1
BRDA:115,8,0,6
BRDA:115,8,1,44
BRDA:132,9,0,12
BRDA:132,9,1,32
BRDA:160,10,0,32
BRDA:160,10,1,12
BRDA:180,11,0,10
BRDA:180,11,1,40
BRDA:192,12,0,50
BRDA:192,12,1,1
BRF:28
BRH:27
end_of_record
TN:
SF:src/pages/Login.jsx
FN:11,(anonymous_0)
FN:21,(anonymous_1)
FN:30,(anonymous_2)
FN:34,(anonymous_3)
FN:35,(anonymous_4)
FN:38,(anonymous_5)
FN:42,(anonymous_6)
FN:51,(anonymous_7)
FNF:8
FNH:8
FNDA:9,(anonymous_0)
FNDA:30,(anonymous_1)
FNDA:30,(anonymous_2)
FNDA:30,(anonymous_3)
FNDA:30,(anonymous_4)
FNDA:1,(anonymous_5)
FNDA:1,(anonymous_6)
FNDA:70,(anonymous_7)
DA:12,9
DA:13,8
DA:21,8
DA:22,30
DA:23,30
DA:24,30
DA:26,30
DA:27,30
DA:30,8
DA:31,30
DA:34,8
DA:35,30
DA:38,8
DA:39,1
DA:40,1
DA:41,1
DA:42,1
DA:43,1
DA:44,1
DA:47,1
DA:52,70
DA:53,70
DA:102,4
LF:23
LH:23
BRDA:26,0,0,30
BRDA:26,0,1,3
BRDA:96,1,0,70
BRDA:96,1,1,1
BRF:4
BRH:4
end_of_record
TN:
SF:src/pages/Ranking.jsx
FN:8,(anonymous_0)
FN:16,(anonymous_1)
FN:36,(anonymous_2)
FN:51,(anonymous_3)
FN:60,(anonymous_4)
FN:88,(anonymous_5)
FNF:6
FNH:6
FNDA:10,(anonymous_0)
FNDA:8,(anonymous_1)
FNDA:33,(anonymous_2)
FNDA:16,(anonymous_3)
FNDA:26,(anonymous_4)
FNDA:9,(anonymous_5)
DA:9,10
DA:11,8
DA:17,8
DA:18,8
DA:25,8
DA:27,8
DA:28,2
DA:29,2
DA:30,2
DA:31,2
DA:33,6
DA:34,6
DA:35,6
DA:36,6
DA:37,33
DA:38,10
DA:39,10
DA:41,23
DA:44,6
DA:47,6
DA:52,16
DA:53,16
DA:54,16
DA:56,16
DA:61,26
DA:80,4
DA:88,9
LF:27
LH:27
BRDA:27,0,0,2
BRDA:27,0,1,6
BRDA:34,1,0,6
BRDA:34,1,1,0
BRDA:37,2,0,10
BRDA:37,2,1,23
BRDA:60,3,0,8
BRDA:60,3,1,8
BRF:8
BRH:7
end_of_record
TN:
SF:src/pages/Settings.jsx
FN:4,(anonymous_0)
FNF:1
FNH:0
FNDA:0,(anonymous_0)
DA:5,0
LF:1
LH:0
BRF:0
BRH:0
end_of_record
